<?xml version="1.0" encoding="UTF-8"?>
<!-- Generated by org.testng.reporters.JUnitXMLReporter -->
<testsuite ignored="2" hostname="DESKTOP-3IMF4AD" failures="0" tests="2" name="Test" time="15.809" errors="0" timestamp="2022-07-27T21:14:31 IST">
  <testcase classname="TestCases.HardAssertTest" name="verifyKitiLogoTest" time="0.133"/>
  <testcase classname="TestCases.HardAssertTest" name="verifyTitleTest" time="0.014"/>
  <testcase classname="TestCases.HardAssertTest" name="loginToAppTest" time="0.0">
    <ignored/>
  </testcase> <!-- loginToAppTest -->
  <testcase classname="TestCases.HardAssertTest" name="verifyZerodhaLogoTest" time="0.0">
    <ignored/>
  </testcase> <!-- verifyZerodhaLogoTest -->
</testsuite> <!-- Test -->
