<?xml version="1.0" encoding="UTF-8"?>
<testng-results ignored="0" total="2" passed="2" failed="0" skipped="0">
  <reporter-output>
  </reporter-output>
  <suite started-at="2022-07-27T21:25:31 IST" name="Suite" finished-at="2022-07-27T21:26:01 IST" duration-ms="29633">
    <groups>
    </groups>
    <test started-at="2022-07-27T21:25:31 IST" name="Test1" finished-at="2022-07-27T21:25:48 IST" duration-ms="17066">
      <class name="TestCases.Parallel1">
        <test-method signature="parallel()[pri:0, instance:TestCases.Parallel1@c88a337]" started-at="2022-07-27T21:25:31 IST" name="parallel" finished-at="2022-07-27T21:25:48 IST" duration-ms="16987" status="PASS">
          <reporter-output>
          </reporter-output>
        </test-method> <!-- parallel -->
      </class> <!-- TestCases.Parallel1 -->
    </test> <!-- Test1 -->
    <test started-at="2022-07-27T21:25:48 IST" name="Test2" finished-at="2022-07-27T21:26:01 IST" duration-ms="12451">
      <class name="TestCases.Parallel2">
        <test-method signature="parallel()[pri:0, instance:TestCases.Parallel2@52719fb6]" started-at="2022-07-27T21:25:48 IST" name="parallel" finished-at="2022-07-27T21:26:01 IST" duration-ms="12444" status="PASS">
          <reporter-output>
          </reporter-output>
        </test-method> <!-- parallel -->
      </class> <!-- TestCases.Parallel2 -->
    </test> <!-- Test2 -->
  </suite> <!-- Suite -->
</testng-results>
